0 info it worked if it ends with ok
1 verbose cli [ '/usr/local/bin/node',
1 verbose cli   '/home/marcelo/npm-global/bin/npm',
1 verbose cli   'run',
1 verbose cli   'dev' ]
2 info using npm@3.10.3
3 info using node@v6.2.2
4 verbose stack Error: missing script: dev
4 verbose stack     at run (/home/marcelo/npm-global/lib/node_modules/npm/lib/run-script.js:151:19)
4 verbose stack     at /home/marcelo/npm-global/lib/node_modules/npm/lib/run-script.js:61:5
4 verbose stack     at /home/marcelo/npm-global/lib/node_modules/npm/node_modules/read-package-json/read-json.js:356:5
4 verbose stack     at checkBinReferences_ (/home/marcelo/npm-global/lib/node_modules/npm/node_modules/read-package-json/read-json.js:320:45)
4 verbose stack     at final (/home/marcelo/npm-global/lib/node_modules/npm/node_modules/read-package-json/read-json.js:354:3)
4 verbose stack     at then (/home/marcelo/npm-global/lib/node_modules/npm/node_modules/read-package-json/read-json.js:124:5)
4 verbose stack     at /home/marcelo/npm-global/lib/node_modules/npm/node_modules/read-package-json/read-json.js:311:12
4 verbose stack     at /home/marcelo/npm-global/lib/node_modules/npm/node_modules/graceful-fs/graceful-fs.js:78:16
4 verbose stack     at tryToString (fs.js:449:3)
4 verbose stack     at FSReqWrap.readFileAfterClose [as oncomplete] (fs.js:436:12)
5 verbose cwd /home/marcelo/Programs/FourLabs/Components/fl-facebook-reviews
6 error Linux 4.4.0-31-generic
7 error argv "/usr/local/bin/node" "/home/marcelo/npm-global/bin/npm" "run" "dev"
8 error node v6.2.2
9 error npm  v3.10.3
10 error missing script: dev
11 error If you need help, you may report this error at:
11 error     <https://github.com/npm/npm/issues>
12 verbose exit [ 1, true ]
